<?xml version="1.0" encoding="UTF-8"?>
<!-- Generated by org.testng.reporters.JUnitReportReporter -->
<testsuite hostname="PUN-NB-LE1HJCN" failures="0" tests="1" name="ToolsQA.Demo.UpdateBookingTests" time="4.655" errors="0" timestamp="2021-05-09T18:28:38 IST" skipped="0">
  <testcase classname="ToolsQA.Demo.UpdateBookingTests" name="UpdateBooking_VerifyUpdatedSuccessfully" time="4.655"/>
  <system-out/>
</testsuite> <!-- ToolsQA.Demo.UpdateBookingTests -->
