<?xml version="1.0" encoding="UTF-8"?>
<!-- Generated by org.testng.reporters.JUnitReportReporter -->
<testsuite hostname="PUN-NB-LE1HJCN" failures="0" tests="1" name="ToolsQA.Demo.MyTest" time="5.914" errors="0" timestamp="2021-05-09T16:07:09 IST" skipped="0">
  <testcase classname="ToolsQA.Demo.MyTest" name="test2" time="5.914"/>
  <system-out/>
</testsuite> <!-- ToolsQA.Demo.MyTest -->
