<?xml version="1.0" encoding="UTF-8"?>
<!-- Generated by org.testng.reporters.JUnitReportReporter -->
<testsuite hostname="PUN-NB-LE1HJCN" failures="0" tests="1" name="ToolsQA.Demo.AppTest" time="0.004" errors="0" timestamp="2021-05-09T18:28:38 IST" skipped="0">
  <testcase classname="ToolsQA.Demo.AppTest" name="shouldAnswerWithTrue" time="0.004"/>
  <system-out/>
</testsuite> <!-- ToolsQA.Demo.AppTest -->
