<?xml version="1.0" encoding="UTF-8"?>
<!-- Generated by org.testng.reporters.JUnitReportReporter -->
<testsuite hostname="PUN-NB-LE1HJCN" failures="0" tests="1" name="ToolsQA.Demo.CreateBookingTests" time="5.762" errors="0" timestamp="2021-05-09T18:49:57 IST" skipped="0">
  <testcase classname="ToolsQA.Demo.CreateBookingTests" name="CreateBooking_VerifyCreatedSuccessfully" time="5.762"/>
  <system-out/>
</testsuite> <!-- ToolsQA.Demo.CreateBookingTests -->
