<?xml version="1.0" encoding="UTF-8"?>
<!-- Generated by org.testng.reporters.JUnitReportReporter -->
<testsuite hostname="PUN-NB-LE1HJCN" failures="0" tests="1" name="ToolsQA.Demo.DeleteBookingTests" time="6.748" errors="0" timestamp="2021-05-09T18:49:57 IST" skipped="0">
  <testcase classname="ToolsQA.Demo.DeleteBookingTests" name="DeleteBooking_VerifyUpdatedSuccessfully" time="6.748"/>
  <system-out/>
</testsuite> <!-- ToolsQA.Demo.DeleteBookingTests -->
